TpTrace Verbose: 0 : 27236, 1, 2021/05/28, 14:03:27.380, 793969829849, vstest.console.dll, Version: 16.10.0-release-20210511-06
TpTrace Information: 0 : 27236, 1, 2021/05/28, 14:03:27.392, 793969914974, vstest.console.dll, FilePatternParser: The given file D:\1. WORK\ANKO\Customer\Customer.Test\bin\Debug\netcoreapp3.1\fine-code-coverage\build-output\Customer.Test.dll is a full path.
TpTrace Verbose: 0 : 27236, 1, 2021/05/28, 14:03:27.403, 793970023374, vstest.console.dll, TestPluginCache.DiscoverTestExtensions: finding test extensions in assemblies ends with: RuntimeProvider.dll TPluginInfo: Microsoft.VisualStudio.TestPlatform.Common.ExtensionFramework.Utilities.TestRuntimePluginInformation TExtension: Microsoft.VisualStudio.TestPlatform.ObjectModel.Host.ITestRuntimeProvider
TpTrace Verbose: 0 : 27236, 1, 2021/05/28, 14:03:27.404, 793970036800, vstest.console.dll, TestPluginCache.GetExtensionPaths: Filtered extension paths: 
TpTrace Verbose: 0 : 27236, 1, 2021/05/28, 14:03:27.404, 793970038418, vstest.console.dll, TestPluginCache.GetExtensionPaths: Added default extension paths: C:\Program Files\dotnet\sdk\5.0.300\Extensions\Microsoft.Diagnostics.NETCore.Client.dll
C:\Program Files\dotnet\sdk\5.0.300\Extensions\Microsoft.TestPlatform.Extensions.BlameDataCollector.dll
C:\Program Files\dotnet\sdk\5.0.300\Extensions\Microsoft.TestPlatform.Extensions.EventLogCollector.dll
C:\Program Files\dotnet\sdk\5.0.300\Extensions\Microsoft.TestPlatform.TestHostRuntimeProvider.dll
C:\Program Files\dotnet\sdk\5.0.300\Extensions\Microsoft.VisualStudio.TestPlatform.Extensions.Html.TestLogger.dll
C:\Program Files\dotnet\sdk\5.0.300\Extensions\Microsoft.VisualStudio.TestPlatform.Extensions.Trx.TestLogger.dll
TpTrace Verbose: 0 : 27236, 1, 2021/05/28, 14:03:27.404, 793970038917, vstest.console.dll, TestPluginCache.GetExtensionPaths: Added unfilterableExtensionPaths: 
TpTrace Information: 0 : 27236, 1, 2021/05/28, 14:03:27.405, 793970052135, vstest.console.dll, AssemblyResolver.ctor: Creating AssemblyResolver with searchDirectories C:\Program Files\dotnet\sdk\5.0.300\Extensions,C:\Program Files\dotnet\sdk\5.0.300
TpTrace Verbose: 0 : 27236, 1, 2021/05/28, 14:03:27.408, 793970072766, vstest.console.dll, TestPluginCache.DiscoverTestExtensions: Discovering the extensions using extension path.
TpTrace Verbose: 0 : 27236, 1, 2021/05/28, 14:03:27.408, 793970074452, vstest.console.dll, TestPluginCache.GetExtensionPaths: Filtered extension paths: 
TpTrace Verbose: 0 : 27236, 1, 2021/05/28, 14:03:27.408, 793970075103, vstest.console.dll, TestPluginCache.GetExtensionPaths: Added default extension paths: C:\Program Files\dotnet\sdk\5.0.300\Extensions\Microsoft.Diagnostics.NETCore.Client.dll
C:\Program Files\dotnet\sdk\5.0.300\Extensions\Microsoft.TestPlatform.Extensions.BlameDataCollector.dll
C:\Program Files\dotnet\sdk\5.0.300\Extensions\Microsoft.TestPlatform.Extensions.EventLogCollector.dll
C:\Program Files\dotnet\sdk\5.0.300\Extensions\Microsoft.TestPlatform.TestHostRuntimeProvider.dll
C:\Program Files\dotnet\sdk\5.0.300\Extensions\Microsoft.VisualStudio.TestPlatform.Extensions.Html.TestLogger.dll
C:\Program Files\dotnet\sdk\5.0.300\Extensions\Microsoft.VisualStudio.TestPlatform.Extensions.Trx.TestLogger.dll
TpTrace Verbose: 0 : 27236, 1, 2021/05/28, 14:03:27.408, 793970075512, vstest.console.dll, TestPluginCache.GetExtensionPaths: Added unfilterableExtensionPaths: 
TpTrace Verbose: 0 : 27236, 1, 2021/05/28, 14:03:27.408, 793970076275, vstest.console.dll, TestPluginCache.DiscoverTestExtensions: Discovering the extensions using allExtensionPaths: C:\Program Files\dotnet\sdk\5.0.300\Extensions\Microsoft.Diagnostics.NETCore.Client.dll
C:\Program Files\dotnet\sdk\5.0.300\Extensions\Microsoft.TestPlatform.Extensions.BlameDataCollector.dll
C:\Program Files\dotnet\sdk\5.0.300\Extensions\Microsoft.TestPlatform.Extensions.EventLogCollector.dll
C:\Program Files\dotnet\sdk\5.0.300\Extensions\Microsoft.TestPlatform.TestHostRuntimeProvider.dll
C:\Program Files\dotnet\sdk\5.0.300\Extensions\Microsoft.VisualStudio.TestPlatform.Extensions.Html.TestLogger.dll
C:\Program Files\dotnet\sdk\5.0.300\Extensions\Microsoft.VisualStudio.TestPlatform.Extensions.Trx.TestLogger.dll
TpTrace Information: 0 : 27236, 1, 2021/05/28, 14:03:27.408, 793970078145, vstest.console.dll, AssemblyResolver.AddSearchDirectories: Adding more searchDirectories C:\Program Files\dotnet\sdk\5.0.300\Extensions,C:\Program Files\dotnet\sdk\5.0.300
TpTrace Information: 0 : 27236, 1, 2021/05/28, 14:03:27.408, 793970078972, vstest.console.dll, AssemblyResolver.AddSearchDirectories: Adding more searchDirectories C:\Program Files\dotnet\sdk\5.0.300\Extensions,C:\Program Files\dotnet\sdk\5.0.300
TpTrace Information: 0 : 27236, 1, 2021/05/28, 14:03:27.408, 793970079423, vstest.console.dll, AssemblyResolver.AddSearchDirectories: Adding more searchDirectories C:\Program Files\dotnet\sdk\5.0.300\Extensions,C:\Program Files\dotnet\sdk\5.0.300
TpTrace Information: 0 : 27236, 1, 2021/05/28, 14:03:27.408, 793970079792, vstest.console.dll, AssemblyResolver.AddSearchDirectories: Adding more searchDirectories C:\Program Files\dotnet\sdk\5.0.300\Extensions,C:\Program Files\dotnet\sdk\5.0.300
TpTrace Information: 0 : 27236, 1, 2021/05/28, 14:03:27.408, 793970080147, vstest.console.dll, AssemblyResolver.AddSearchDirectories: Adding more searchDirectories C:\Program Files\dotnet\sdk\5.0.300\Extensions,C:\Program Files\dotnet\sdk\5.0.300
TpTrace Information: 0 : 27236, 1, 2021/05/28, 14:03:27.408, 793970080557, vstest.console.dll, AssemblyResolver.AddSearchDirectories: Adding more searchDirectories C:\Program Files\dotnet\sdk\5.0.300\Extensions,C:\Program Files\dotnet\sdk\5.0.300
TpTrace Information: 0 : 27236, 1, 2021/05/28, 14:03:27.409, 793970084362, vstest.console.dll, AssemblyResolver.OnResolve: Microsoft.Diagnostics.NETCore.Client: Resolving assembly.
TpTrace Information: 0 : 27236, 1, 2021/05/28, 14:03:27.409, 793970085160, vstest.console.dll, AssemblyResolver.OnResolve: Microsoft.Diagnostics.NETCore.Client: Searching in: 'C:\Program Files\dotnet\sdk\5.0.300\Extensions'.
TpTrace Information: 0 : 27236, 1, 2021/05/28, 14:03:27.410, 793970092937, vstest.console.dll, AssemblyResolver.OnResolve: Microsoft.Diagnostics.NETCore.Client: Loading assembly 'C:\Program Files\dotnet\sdk\5.0.300\Extensions\Microsoft.Diagnostics.NETCore.Client.dll'.
TpTrace Information: 0 : 27236, 1, 2021/05/28, 14:03:27.411, 793970103410, vstest.console.dll, AssemblyResolver.OnResolve: Resolved assembly: Microsoft.Diagnostics.NETCore.Client, from path: C:\Program Files\dotnet\sdk\5.0.300\Extensions\Microsoft.Diagnostics.NETCore.Client.dll
TpTrace Information: 0 : 27236, 1, 2021/05/28, 14:03:27.416, 793970158384, vstest.console.dll, AssemblyResolver.OnResolve: Microsoft.Bcl.AsyncInterfaces: Resolving assembly.
TpTrace Information: 0 : 27236, 1, 2021/05/28, 14:03:27.416, 793970159692, vstest.console.dll, AssemblyResolver.OnResolve: Microsoft.Bcl.AsyncInterfaces: Searching in: 'C:\Program Files\dotnet\sdk\5.0.300\Extensions'.
TpTrace Information: 0 : 27236, 1, 2021/05/28, 14:03:27.416, 793970161114, vstest.console.dll, AssemblyResolver.OnResolve: Microsoft.Bcl.AsyncInterfaces: Assembly path does not exist: 'C:\Program Files\dotnet\sdk\5.0.300\Extensions\Microsoft.Bcl.AsyncInterfaces.dll', returning.
TpTrace Information: 0 : 27236, 1, 2021/05/28, 14:03:27.416, 793970161955, vstest.console.dll, AssemblyResolver.OnResolve: Microsoft.Bcl.AsyncInterfaces: Assembly path does not exist: 'C:\Program Files\dotnet\sdk\5.0.300\Extensions\Microsoft.Bcl.AsyncInterfaces.exe', returning.
TpTrace Information: 0 : 27236, 1, 2021/05/28, 14:03:27.416, 793970162513, vstest.console.dll, AssemblyResolver.OnResolve: Microsoft.Bcl.AsyncInterfaces: Searching in: 'C:\Program Files\dotnet\sdk\5.0.300'.
TpTrace Information: 0 : 27236, 1, 2021/05/28, 14:03:27.417, 793970163362, vstest.console.dll, AssemblyResolver.OnResolve: Microsoft.Bcl.AsyncInterfaces: Assembly path does not exist: 'C:\Program Files\dotnet\sdk\5.0.300\Microsoft.Bcl.AsyncInterfaces.dll', returning.
TpTrace Information: 0 : 27236, 1, 2021/05/28, 14:03:27.417, 793970164168, vstest.console.dll, AssemblyResolver.OnResolve: Microsoft.Bcl.AsyncInterfaces: Assembly path does not exist: 'C:\Program Files\dotnet\sdk\5.0.300\Microsoft.Bcl.AsyncInterfaces.exe', returning.
TpTrace Information: 0 : 27236, 1, 2021/05/28, 14:03:27.417, 793970167365, vstest.console.dll, AssemblyResolver.OnResolve: Microsoft.Bcl.AsyncInterfaces: Failed to load assembly.
TpTrace Verbose: 0 : 27236, 1, 2021/05/28, 14:03:27.417, 793970168768, vstest.console.dll, CurrentDomainAssemblyResolve: Resolving assembly 'Microsoft.Bcl.AsyncInterfaces'.
TpTrace Information: 0 : 27236, 1, 2021/05/28, 14:03:27.417, 793970169825, vstest.console.dll, AssemblyResolver.OnResolve: Microsoft.Bcl.AsyncInterfaces: Resolving assembly.
TpTrace Information: 0 : 27236, 1, 2021/05/28, 14:03:27.417, 793970171719, vstest.console.dll, AssemblyResolver.OnResolve: Microsoft.Bcl.AsyncInterfaces: Resolved from cache.
TpTrace Verbose: 0 : 27236, 1, 2021/05/28, 14:03:27.417, 793970172303, vstest.console.dll, CurrentDomainAssemblyResolve: Resolving assembly 'Microsoft.Bcl.AsyncInterfaces'.
TpTrace Verbose: 0 : 27236, 1, 2021/05/28, 14:03:27.418, 793970172927, vstest.console.dll, CurrentDomainAssemblyResolve: Failed to resolve assembly 'Microsoft.Bcl.AsyncInterfaces'.
TpTrace Verbose: 0 : 27236, 1, 2021/05/28, 14:03:27.419, 793970185814, vstest.console.dll, CurrentDomainAssemblyResolve: Failed to resolve assembly 'Microsoft.Bcl.AsyncInterfaces'.
TpTrace Warning: 0 : 27236, 1, 2021/05/28, 14:03:27.453, 793970526767, vstest.console.dll, TestPluginDiscoverer: Failed to get types from assembly 'Microsoft.Diagnostics.NETCore.Client, Version=0.2.2.41902, Culture=neutral, PublicKeyToken=31bf3856ad364e35'.  Skipping test extension scan for this assembly.  Error: System.Reflection.ReflectionTypeLoadException: Unable to load one or more of the requested types.
Could not load file or assembly 'Microsoft.Bcl.AsyncInterfaces, Version=1.0.0.0, Culture=neutral, PublicKeyToken=cc7b13ffcd2ddd51'. Не удается найти указанный файл.
   at System.Reflection.RuntimeModule.GetTypes(RuntimeModule module)
   at System.Reflection.RuntimeModule.GetTypes()
   at System.Reflection.Assembly.GetTypes()
   at Microsoft.VisualStudio.TestPlatform.Common.ExtensionFramework.TestPluginDiscoverer.GetTestExtensionsFromAssembly[TPluginInfo,TExtension](Assembly assembly, Dictionary`2 pluginInfos)
System.IO.FileNotFoundException: Could not load file or assembly 'Microsoft.Bcl.AsyncInterfaces, Version=1.0.0.0, Culture=neutral, PublicKeyToken=cc7b13ffcd2ddd51'. Не удается найти указанный файл.
File name: 'Microsoft.Bcl.AsyncInterfaces, Version=1.0.0.0, Culture=neutral, PublicKeyToken=cc7b13ffcd2ddd51'
TpTrace Warning: 0 : 27236, 1, 2021/05/28, 14:03:27.453, 793970529504, vstest.console.dll, LoaderExceptions: System.IO.FileNotFoundException: Could not load file or assembly 'Microsoft.Bcl.AsyncInterfaces, Version=1.0.0.0, Culture=neutral, PublicKeyToken=cc7b13ffcd2ddd51'. Не удается найти указанный файл.
File name: 'Microsoft.Bcl.AsyncInterfaces, Version=1.0.0.0, Culture=neutral, PublicKeyToken=cc7b13ffcd2ddd51'
TpTrace Information: 0 : 27236, 1, 2021/05/28, 14:03:27.453, 793970531146, vstest.console.dll, AssemblyResolver.OnResolve: Microsoft.TestPlatform.Extensions.BlameDataCollector: Resolving assembly.
TpTrace Information: 0 : 27236, 1, 2021/05/28, 14:03:27.453, 793970531651, vstest.console.dll, AssemblyResolver.OnResolve: Microsoft.TestPlatform.Extensions.BlameDataCollector: Searching in: 'C:\Program Files\dotnet\sdk\5.0.300\Extensions'.
TpTrace Information: 0 : 27236, 1, 2021/05/28, 14:03:27.455, 793970552331, vstest.console.dll, AssemblyResolver.OnResolve: Microsoft.TestPlatform.Extensions.BlameDataCollector: Loading assembly 'C:\Program Files\dotnet\sdk\5.0.300\Extensions\Microsoft.TestPlatform.Extensions.BlameDataCollector.dll'.
TpTrace Information: 0 : 27236, 1, 2021/05/28, 14:03:27.457, 793970563228, vstest.console.dll, AssemblyResolver.OnResolve: Resolved assembly: Microsoft.TestPlatform.Extensions.BlameDataCollector, from path: C:\Program Files\dotnet\sdk\5.0.300\Extensions\Microsoft.TestPlatform.Extensions.BlameDataCollector.dll
TpTrace Information: 0 : 27236, 1, 2021/05/28, 14:03:27.457, 793970571962, vstest.console.dll, AssemblyResolver.OnResolve: Microsoft.TestPlatform.Extensions.EventLogCollector: Resolving assembly.
TpTrace Information: 0 : 27236, 1, 2021/05/28, 14:03:27.458, 793970572874, vstest.console.dll, AssemblyResolver.OnResolve: Microsoft.TestPlatform.Extensions.EventLogCollector: Searching in: 'C:\Program Files\dotnet\sdk\5.0.300\Extensions'.
TpTrace Information: 0 : 27236, 1, 2021/05/28, 14:03:27.459, 793970587115, vstest.console.dll, AssemblyResolver.OnResolve: Microsoft.TestPlatform.Extensions.EventLogCollector: Loading assembly 'C:\Program Files\dotnet\sdk\5.0.300\Extensions\Microsoft.TestPlatform.Extensions.EventLogCollector.dll'.
TpTrace Information: 0 : 27236, 1, 2021/05/28, 14:03:27.460, 793970597189, vstest.console.dll, AssemblyResolver.OnResolve: Resolved assembly: Microsoft.TestPlatform.Extensions.EventLogCollector, from path: C:\Program Files\dotnet\sdk\5.0.300\Extensions\Microsoft.TestPlatform.Extensions.EventLogCollector.dll
TpTrace Information: 0 : 27236, 1, 2021/05/28, 14:03:27.464, 793970637063, vstest.console.dll, AssemblyResolver.OnResolve: Microsoft.TestPlatform.TestHostRuntimeProvider: Resolving assembly.
TpTrace Information: 0 : 27236, 1, 2021/05/28, 14:03:27.464, 793970638431, vstest.console.dll, AssemblyResolver.OnResolve: Microsoft.TestPlatform.TestHostRuntimeProvider: Searching in: 'C:\Program Files\dotnet\sdk\5.0.300\Extensions'.
TpTrace Information: 0 : 27236, 1, 2021/05/28, 14:03:27.465, 793970644266, vstest.console.dll, AssemblyResolver.OnResolve: Microsoft.TestPlatform.TestHostRuntimeProvider: Loading assembly 'C:\Program Files\dotnet\sdk\5.0.300\Extensions\Microsoft.TestPlatform.TestHostRuntimeProvider.dll'.
TpTrace Information: 0 : 27236, 1, 2021/05/28, 14:03:27.466, 793970657732, vstest.console.dll, AssemblyResolver.OnResolve: Resolved assembly: Microsoft.TestPlatform.TestHostRuntimeProvider, from path: C:\Program Files\dotnet\sdk\5.0.300\Extensions\Microsoft.TestPlatform.TestHostRuntimeProvider.dll
TpTrace Information: 0 : 27236, 1, 2021/05/28, 14:03:27.469, 793970685699, vstest.console.dll, AssemblyResolver.OnResolve: Microsoft.VisualStudio.TestPlatform.Extensions.Html.TestLogger: Resolving assembly.
TpTrace Information: 0 : 27236, 1, 2021/05/28, 14:03:27.469, 793970687466, vstest.console.dll, AssemblyResolver.OnResolve: Microsoft.VisualStudio.TestPlatform.Extensions.Html.TestLogger: Searching in: 'C:\Program Files\dotnet\sdk\5.0.300\Extensions'.
TpTrace Information: 0 : 27236, 1, 2021/05/28, 14:03:27.470, 793970697200, vstest.console.dll, AssemblyResolver.OnResolve: Microsoft.VisualStudio.TestPlatform.Extensions.Html.TestLogger: Loading assembly 'C:\Program Files\dotnet\sdk\5.0.300\Extensions\Microsoft.VisualStudio.TestPlatform.Extensions.Html.TestLogger.dll'.
TpTrace Information: 0 : 27236, 1, 2021/05/28, 14:03:27.471, 793970705814, vstest.console.dll, AssemblyResolver.OnResolve: Resolved assembly: Microsoft.VisualStudio.TestPlatform.Extensions.Html.TestLogger, from path: C:\Program Files\dotnet\sdk\5.0.300\Extensions\Microsoft.VisualStudio.TestPlatform.Extensions.Html.TestLogger.dll
TpTrace Information: 0 : 27236, 1, 2021/05/28, 14:03:27.471, 793970711064, vstest.console.dll, AssemblyResolver.OnResolve: Microsoft.VisualStudio.TestPlatform.Extensions.Trx.TestLogger: Resolving assembly.
TpTrace Information: 0 : 27236, 1, 2021/05/28, 14:03:27.471, 793970711789, vstest.console.dll, AssemblyResolver.OnResolve: Microsoft.VisualStudio.TestPlatform.Extensions.Trx.TestLogger: Searching in: 'C:\Program Files\dotnet\sdk\5.0.300\Extensions'.
TpTrace Information: 0 : 27236, 1, 2021/05/28, 14:03:27.472, 793970721100, vstest.console.dll, AssemblyResolver.OnResolve: Microsoft.VisualStudio.TestPlatform.Extensions.Trx.TestLogger: Loading assembly 'C:\Program Files\dotnet\sdk\5.0.300\Extensions\Microsoft.VisualStudio.TestPlatform.Extensions.Trx.TestLogger.dll'.
TpTrace Information: 0 : 27236, 1, 2021/05/28, 14:03:27.473, 793970729666, vstest.console.dll, AssemblyResolver.OnResolve: Resolved assembly: Microsoft.VisualStudio.TestPlatform.Extensions.Trx.TestLogger, from path: C:\Program Files\dotnet\sdk\5.0.300\Extensions\Microsoft.VisualStudio.TestPlatform.Extensions.Trx.TestLogger.dll
TpTrace Verbose: 0 : 27236, 1, 2021/05/28, 14:03:27.477, 793970770743, vstest.console.dll, TestPluginCache: Discovered the extensions using extension path ''.
TpTrace Verbose: 0 : 27236, 1, 2021/05/28, 14:03:27.477, 793970772285, vstest.console.dll, TestPluginCache: Discoverers are ''.
TpTrace Verbose: 0 : 27236, 1, 2021/05/28, 14:03:27.478, 793970772691, vstest.console.dll, TestPluginCache: Executors are ''.
TpTrace Verbose: 0 : 27236, 1, 2021/05/28, 14:03:27.478, 793970773191, vstest.console.dll, TestPluginCache: Executors2 are ''.
TpTrace Verbose: 0 : 27236, 1, 2021/05/28, 14:03:27.478, 793970773526, vstest.console.dll, TestPluginCache: Setting providers are ''.
TpTrace Verbose: 0 : 27236, 1, 2021/05/28, 14:03:27.478, 793970773832, vstest.console.dll, TestPluginCache: Loggers are ''.
TpTrace Information: 0 : 27236, 1, 2021/05/28, 14:03:27.487, 793970863930, vstest.console.dll, RunTestsArgumentProcessor:Execute: Test run is starting.
TpTrace Verbose: 0 : 27236, 1, 2021/05/28, 14:03:27.487, 793970864995, vstest.console.dll, RunTestsArgumentProcessor:Execute: Queuing Test run.
TpTrace Information: 0 : 27236, 1, 2021/05/28, 14:03:27.487, 793970867562, vstest.console.dll, TestRequestManager.RunTests: run tests started.
TpTrace Information: 0 : 27236, 1, 2021/05/28, 14:03:27.497, 793970963949, vstest.console.dll, AssemblyMetadataProvider.GetFrameWork: Determined framework:'.NETCoreApp,Version=v3.1' for source: 'D:\1. WORK\ANKO\Customer\Customer.Test\bin\Debug\netcoreapp3.1\fine-code-coverage\build-output\Customer.Test.dll'
TpTrace Information: 0 : 27236, 1, 2021/05/28, 14:03:27.497, 793970968829, vstest.console.dll, Determined framework for all sources: .NETCoreApp,Version=v3.1
TpTrace Information: 0 : 27236, 1, 2021/05/28, 14:03:27.498, 793970979644, vstest.console.dll, AssemblyMetadataProvider.GetArchitecture: Determined architecture:AnyCPU info for assembly: D:\1. WORK\ANKO\Customer\Customer.Test\bin\Debug\netcoreapp3.1\fine-code-coverage\build-output\Customer.Test.dll
TpTrace Information: 0 : 27236, 1, 2021/05/28, 14:03:27.504, 793971039729, vstest.console.dll, Determined platform for all sources: X64
TpTrace Information: 0 : 27236, 1, 2021/05/28, 14:03:27.509, 793971085251, vstest.console.dll, Compatible sources list : 
TpTrace Information: 0 : 27236, 1, 2021/05/28, 14:03:27.509, 793971086467, vstest.console.dll, D:\1. WORK\ANKO\Customer\Customer.Test\bin\Debug\netcoreapp3.1\fine-code-coverage\build-output\Customer.Test.dll
TpTrace Information: 0 : 27236, 1, 2021/05/28, 14:03:27.511, 793971111907, vstest.console.dll, InferRunSettingsHelper.IsTestSettingsEnabled: Unable to navigate to RunSettings/MSTest. Current node: RunSettings
TpTrace Information: 0 : 27236, 1, 2021/05/28, 14:03:27.512, 793971119974, vstest.console.dll, AssemblyResolver.OnResolve: Microsoft.VisualStudio.TestPlatform.Fakes: Resolving assembly.
TpTrace Information: 0 : 27236, 1, 2021/05/28, 14:03:27.512, 793971121282, vstest.console.dll, AssemblyResolver.OnResolve: Microsoft.VisualStudio.TestPlatform.Fakes: Searching in: 'C:\Program Files\dotnet\sdk\5.0.300\Extensions'.
TpTrace Information: 0 : 27236, 1, 2021/05/28, 14:03:27.512, 793971122586, vstest.console.dll, AssemblyResolver.OnResolve: Microsoft.VisualStudio.TestPlatform.Fakes: Assembly path does not exist: 'C:\Program Files\dotnet\sdk\5.0.300\Extensions\Microsoft.VisualStudio.TestPlatform.Fakes.dll', returning.
TpTrace Information: 0 : 27236, 1, 2021/05/28, 14:03:27.513, 793971123433, vstest.console.dll, AssemblyResolver.OnResolve: Microsoft.VisualStudio.TestPlatform.Fakes: Assembly path does not exist: 'C:\Program Files\dotnet\sdk\5.0.300\Extensions\Microsoft.VisualStudio.TestPlatform.Fakes.exe', returning.
TpTrace Information: 0 : 27236, 1, 2021/05/28, 14:03:27.513, 793971124296, vstest.console.dll, AssemblyResolver.OnResolve: Microsoft.VisualStudio.TestPlatform.Fakes: Searching in: 'C:\Program Files\dotnet\sdk\5.0.300'.
TpTrace Information: 0 : 27236, 1, 2021/05/28, 14:03:27.513, 793971125265, vstest.console.dll, AssemblyResolver.OnResolve: Microsoft.VisualStudio.TestPlatform.Fakes: Assembly path does not exist: 'C:\Program Files\dotnet\sdk\5.0.300\Microsoft.VisualStudio.TestPlatform.Fakes.dll', returning.
TpTrace Information: 0 : 27236, 1, 2021/05/28, 14:03:27.513, 793971126065, vstest.console.dll, AssemblyResolver.OnResolve: Microsoft.VisualStudio.TestPlatform.Fakes: Assembly path does not exist: 'C:\Program Files\dotnet\sdk\5.0.300\Microsoft.VisualStudio.TestPlatform.Fakes.exe', returning.
TpTrace Information: 0 : 27236, 1, 2021/05/28, 14:03:27.513, 793971126441, vstest.console.dll, AssemblyResolver.OnResolve: Microsoft.VisualStudio.TestPlatform.Fakes: Failed to load assembly.
TpTrace Information: 0 : 27236, 1, 2021/05/28, 14:03:27.513, 793971131233, vstest.console.dll, Failed to create newly implemented Fakes Configurator. Reason:System.IO.FileNotFoundException: Could not load file or assembly 'Microsoft.VisualStudio.TestPlatform.Fakes, Version=16.0.0.0, Culture=neutral, PublicKeyToken=null'. Не удается найти указанный файл.
File name: 'Microsoft.VisualStudio.TestPlatform.Fakes, Version=16.0.0.0, Culture=neutral, PublicKeyToken=null'
   at System.Reflection.RuntimeAssembly.InternalLoad(ObjectHandleOnStack assemblyName, ObjectHandleOnStack requestingAssembly, StackCrawlMarkHandle stackMark, Boolean throwOnFileNotFound, ObjectHandleOnStack assemblyLoadContext, ObjectHandleOnStack retAssembly)
   at System.Reflection.RuntimeAssembly.InternalLoad(AssemblyName assemblyName, RuntimeAssembly requestingAssembly, StackCrawlMark& stackMark, Boolean throwOnFileNotFound, AssemblyLoadContext assemblyLoadContext)
   at System.Reflection.Assembly.Load(AssemblyName assemblyRef)
   at Microsoft.VisualStudio.TestPlatform.Common.Utilities.FakesUtilities.TryGetFakesCrossPlatformDataCollectorConfigurator() 
TpTrace Verbose: 0 : 27236, 1, 2021/05/28, 14:03:27.518, 793971180509, vstest.console.dll, TestPluginCache.DiscoverTestExtensions: finding test extensions in assemblies ends with: TestLogger.dll TPluginInfo: Microsoft.VisualStudio.TestPlatform.Common.ExtensionFramework.Utilities.TestLoggerPluginInformation TExtension: Microsoft.VisualStudio.TestPlatform.ObjectModel.Client.ITestLogger
TpTrace Verbose: 0 : 27236, 1, 2021/05/28, 14:03:27.518, 793971181822, vstest.console.dll, TestPluginCache.GetExtensionPaths: Filtered extension paths: 
TpTrace Verbose: 0 : 27236, 1, 2021/05/28, 14:03:27.518, 793971182245, vstest.console.dll, TestPluginCache.GetExtensionPaths: Added default extension paths: C:\Program Files\dotnet\sdk\5.0.300\Extensions\Microsoft.Diagnostics.NETCore.Client.dll
C:\Program Files\dotnet\sdk\5.0.300\Extensions\Microsoft.TestPlatform.Extensions.BlameDataCollector.dll
C:\Program Files\dotnet\sdk\5.0.300\Extensions\Microsoft.TestPlatform.Extensions.EventLogCollector.dll
C:\Program Files\dotnet\sdk\5.0.300\Extensions\Microsoft.TestPlatform.TestHostRuntimeProvider.dll
C:\Program Files\dotnet\sdk\5.0.300\Extensions\Microsoft.VisualStudio.TestPlatform.Extensions.Html.TestLogger.dll
C:\Program Files\dotnet\sdk\5.0.300\Extensions\Microsoft.VisualStudio.TestPlatform.Extensions.Trx.TestLogger.dll
TpTrace Verbose: 0 : 27236, 1, 2021/05/28, 14:03:27.519, 793971182691, vstest.console.dll, TestPluginCache.GetExtensionPaths: Added unfilterableExtensionPaths: 
TpTrace Information: 0 : 27236, 1, 2021/05/28, 14:03:27.519, 793971184886, vstest.console.dll, AssemblyResolver.AddSearchDirectories: Adding more searchDirectories C:\Program Files\dotnet\sdk\5.0.300\Extensions,C:\Program Files\dotnet\sdk\5.0.300
TpTrace Verbose: 0 : 27236, 1, 2021/05/28, 14:03:27.519, 793971185474, vstest.console.dll, TestPluginCache.DiscoverTestExtensions: Discovering the extensions using extension path.
TpTrace Verbose: 0 : 27236, 1, 2021/05/28, 14:03:27.519, 793971185837, vstest.console.dll, TestPluginCache.GetExtensionPaths: Filtered extension paths: 
TpTrace Verbose: 0 : 27236, 1, 2021/05/28, 14:03:27.519, 793971186315, vstest.console.dll, TestPluginCache.GetExtensionPaths: Added default extension paths: C:\Program Files\dotnet\sdk\5.0.300\Extensions\Microsoft.Diagnostics.NETCore.Client.dll
C:\Program Files\dotnet\sdk\5.0.300\Extensions\Microsoft.TestPlatform.Extensions.BlameDataCollector.dll
C:\Program Files\dotnet\sdk\5.0.300\Extensions\Microsoft.TestPlatform.Extensions.EventLogCollector.dll
C:\Program Files\dotnet\sdk\5.0.300\Extensions\Microsoft.TestPlatform.TestHostRuntimeProvider.dll
C:\Program Files\dotnet\sdk\5.0.300\Extensions\Microsoft.VisualStudio.TestPlatform.Extensions.Html.TestLogger.dll
C:\Program Files\dotnet\sdk\5.0.300\Extensions\Microsoft.VisualStudio.TestPlatform.Extensions.Trx.TestLogger.dll
TpTrace Verbose: 0 : 27236, 1, 2021/05/28, 14:03:27.519, 793971186701, vstest.console.dll, TestPluginCache.GetExtensionPaths: Added unfilterableExtensionPaths: 
TpTrace Verbose: 0 : 27236, 1, 2021/05/28, 14:03:27.519, 793971187126, vstest.console.dll, TestPluginCache.DiscoverTestExtensions: Discovering the extensions using allExtensionPaths: C:\Program Files\dotnet\sdk\5.0.300\Extensions\Microsoft.Diagnostics.NETCore.Client.dll
C:\Program Files\dotnet\sdk\5.0.300\Extensions\Microsoft.TestPlatform.Extensions.BlameDataCollector.dll
C:\Program Files\dotnet\sdk\5.0.300\Extensions\Microsoft.TestPlatform.Extensions.EventLogCollector.dll
C:\Program Files\dotnet\sdk\5.0.300\Extensions\Microsoft.TestPlatform.TestHostRuntimeProvider.dll
C:\Program Files\dotnet\sdk\5.0.300\Extensions\Microsoft.VisualStudio.TestPlatform.Extensions.Html.TestLogger.dll
C:\Program Files\dotnet\sdk\5.0.300\Extensions\Microsoft.VisualStudio.TestPlatform.Extensions.Trx.TestLogger.dll
TpTrace Information: 0 : 27236, 1, 2021/05/28, 14:03:27.519, 793971187659, vstest.console.dll, AssemblyResolver.AddSearchDirectories: Adding more searchDirectories C:\Program Files\dotnet\sdk\5.0.300\Extensions,C:\Program Files\dotnet\sdk\5.0.300
TpTrace Information: 0 : 27236, 1, 2021/05/28, 14:03:27.519, 793971188109, vstest.console.dll, AssemblyResolver.AddSearchDirectories: Adding more searchDirectories C:\Program Files\dotnet\sdk\5.0.300\Extensions,C:\Program Files\dotnet\sdk\5.0.300
TpTrace Information: 0 : 27236, 1, 2021/05/28, 14:03:27.519, 793971188510, vstest.console.dll, AssemblyResolver.AddSearchDirectories: Adding more searchDirectories C:\Program Files\dotnet\sdk\5.0.300\Extensions,C:\Program Files\dotnet\sdk\5.0.300
TpTrace Information: 0 : 27236, 1, 2021/05/28, 14:03:27.519, 793971188864, vstest.console.dll, AssemblyResolver.AddSearchDirectories: Adding more searchDirectories C:\Program Files\dotnet\sdk\5.0.300\Extensions,C:\Program Files\dotnet\sdk\5.0.300
TpTrace Information: 0 : 27236, 1, 2021/05/28, 14:03:27.519, 793971189272, vstest.console.dll, AssemblyResolver.AddSearchDirectories: Adding more searchDirectories C:\Program Files\dotnet\sdk\5.0.300\Extensions,C:\Program Files\dotnet\sdk\5.0.300
TpTrace Information: 0 : 27236, 1, 2021/05/28, 14:03:27.519, 793971189624, vstest.console.dll, AssemblyResolver.AddSearchDirectories: Adding more searchDirectories C:\Program Files\dotnet\sdk\5.0.300\Extensions,C:\Program Files\dotnet\sdk\5.0.300
TpTrace Information: 0 : 27236, 1, 2021/05/28, 14:03:27.520, 793971193380, vstest.console.dll, AssemblyResolver.OnResolve: Microsoft.Bcl.AsyncInterfaces: Resolving assembly.
TpTrace Information: 0 : 27236, 1, 2021/05/28, 14:03:27.520, 793971194191, vstest.console.dll, AssemblyResolver.OnResolve: Microsoft.Bcl.AsyncInterfaces: Resolved from cache.
TpTrace Verbose: 0 : 27236, 1, 2021/05/28, 14:03:27.520, 793971194588, vstest.console.dll, CurrentDomainAssemblyResolve: Resolving assembly 'Microsoft.Bcl.AsyncInterfaces'.
TpTrace Information: 0 : 27236, 1, 2021/05/28, 14:03:27.520, 793971195358, vstest.console.dll, AssemblyResolver.OnResolve: Microsoft.Bcl.AsyncInterfaces: Resolving assembly.
TpTrace Information: 0 : 27236, 1, 2021/05/28, 14:03:27.520, 793971195804, vstest.console.dll, AssemblyResolver.OnResolve: Microsoft.Bcl.AsyncInterfaces: Resolved from cache.
TpTrace Verbose: 0 : 27236, 1, 2021/05/28, 14:03:27.520, 793971196241, vstest.console.dll, CurrentDomainAssemblyResolve: Resolving assembly 'Microsoft.Bcl.AsyncInterfaces'.
TpTrace Verbose: 0 : 27236, 1, 2021/05/28, 14:03:27.520, 793971196713, vstest.console.dll, CurrentDomainAssemblyResolve: Failed to resolve assembly 'Microsoft.Bcl.AsyncInterfaces'.
TpTrace Verbose: 0 : 27236, 1, 2021/05/28, 14:03:27.520, 793971198752, vstest.console.dll, CurrentDomainAssemblyResolve: Failed to resolve assembly 'Microsoft.Bcl.AsyncInterfaces'.
TpTrace Warning: 0 : 27236, 1, 2021/05/28, 14:03:27.521, 793971203539, vstest.console.dll, TestPluginDiscoverer: Failed to get types from assembly 'Microsoft.Diagnostics.NETCore.Client, Version=0.2.2.41902, Culture=neutral, PublicKeyToken=31bf3856ad364e35'.  Skipping test extension scan for this assembly.  Error: System.Reflection.ReflectionTypeLoadException: Unable to load one or more of the requested types.
Could not load file or assembly 'Microsoft.Bcl.AsyncInterfaces, Version=1.0.0.0, Culture=neutral, PublicKeyToken=cc7b13ffcd2ddd51'. Не удается найти указанный файл.
   at System.Reflection.RuntimeModule.GetTypes(RuntimeModule module)
   at System.Reflection.RuntimeModule.GetTypes()
   at System.Reflection.Assembly.GetTypes()
   at Microsoft.VisualStudio.TestPlatform.Common.ExtensionFramework.TestPluginDiscoverer.GetTestExtensionsFromAssembly[TPluginInfo,TExtension](Assembly assembly, Dictionary`2 pluginInfos)
System.IO.FileNotFoundException: Could not load file or assembly 'Microsoft.Bcl.AsyncInterfaces, Version=1.0.0.0, Culture=neutral, PublicKeyToken=cc7b13ffcd2ddd51'. Не удается найти указанный файл.
File name: 'Microsoft.Bcl.AsyncInterfaces, Version=1.0.0.0, Culture=neutral, PublicKeyToken=cc7b13ffcd2ddd51'
TpTrace Warning: 0 : 27236, 1, 2021/05/28, 14:03:27.521, 793971204444, vstest.console.dll, LoaderExceptions: System.IO.FileNotFoundException: Could not load file or assembly 'Microsoft.Bcl.AsyncInterfaces, Version=1.0.0.0, Culture=neutral, PublicKeyToken=cc7b13ffcd2ddd51'. Не удается найти указанный файл.
File name: 'Microsoft.Bcl.AsyncInterfaces, Version=1.0.0.0, Culture=neutral, PublicKeyToken=cc7b13ffcd2ddd51'
TpTrace Verbose: 0 : 27236, 1, 2021/05/28, 14:03:27.521, 793971210046, vstest.console.dll, TestPluginCache: Discovered the extensions using extension path ''.
TpTrace Verbose: 0 : 27236, 1, 2021/05/28, 14:03:27.521, 793971210602, vstest.console.dll, TestPluginCache: Discoverers are ''.
TpTrace Verbose: 0 : 27236, 1, 2021/05/28, 14:03:27.521, 793971210926, vstest.console.dll, TestPluginCache: Executors are ''.
TpTrace Verbose: 0 : 27236, 1, 2021/05/28, 14:03:27.521, 793971211227, vstest.console.dll, TestPluginCache: Executors2 are ''.
TpTrace Verbose: 0 : 27236, 1, 2021/05/28, 14:03:27.521, 793971211592, vstest.console.dll, TestPluginCache: Setting providers are ''.
TpTrace Verbose: 0 : 27236, 1, 2021/05/28, 14:03:27.521, 793971212452, vstest.console.dll, TestPluginCache: Loggers are 'logger://Microsoft/TestPlatform/Extensions/Blame/v1,logger://Microsoft/TestPlatform/HtmlLogger/v1,logger://Microsoft/TestPlatform/TrxLogger/v1'.
TpTrace Information: 0 : 27236, 1, 2021/05/28, 14:03:27.522, 793971222561, vstest.console.dll, TestPluginManager.CreateTestExtension: Attempting to load test extension: Microsoft.TestPlatform.Extensions.BlameDataCollector.BlameLogger
TpTrace Information: 0 : 27236, 1, 2021/05/28, 14:03:27.540, 793971398967, vstest.console.dll, TestPluginManager.CreateTestExtension: Attempting to load test extension: Microsoft.VisualStudio.TestPlatform.CrossPlatEngine.Hosting.DefaultTestHostManager
TpTrace Information: 0 : 27236, 1, 2021/05/28, 14:03:27.540, 793971402442, vstest.console.dll, TestPluginManager.CreateTestExtension: Attempting to load test extension: Microsoft.VisualStudio.TestPlatform.CrossPlatEngine.Hosting.DotnetTestHostManager
TpTrace Verbose: 0 : 27236, 1, 2021/05/28, 14:03:27.541, 793971408565, vstest.console.dll, TestEngine: Initializing Parallel Execution as MaxCpuCount is set to: 1
TpTrace Information: 0 : 27236, 1, 2021/05/28, 14:03:27.542, 793971415403, vstest.console.dll, InferRunSettingsHelper.IsTestSettingsEnabled: Unable to navigate to RunSettings/MSTest. Current node: RunSettings
TpTrace Verbose: 0 : 27236, 1, 2021/05/28, 14:03:27.558, 793971582148, vstest.console.dll, TestRequestSender is acting as server
TpTrace Verbose: 0 : 27236, 4, 2021/05/28, 14:03:27.562, 793971620176, vstest.console.dll, DataCollectionRequestSender.InitializeCommunication : Initialize communication. 
TpTrace Information: 0 : 27236, 4, 2021/05/28, 14:03:27.576, 793971759621, vstest.console.dll, Listening on Endpoint : 127.0.0.1:57008
TpTrace Verbose: 0 : 27236, 4, 2021/05/28, 14:03:27.592, 793971913662, vstest.console.dll, DotnetDataCollectionLauncher: Full path of dotnet.exe is C:\Program Files\dotnet\dotnet.exe
TpTrace Verbose: 0 : 27236, 4, 2021/05/28, 14:03:27.592, 793971916530, vstest.console.dll, DotnetDataCollectionLauncher: Adding  --runtimeconfig "C:\Program Files\dotnet\sdk\5.0.300\datacollector.runtimeconfig.json" in args
TpTrace Verbose: 0 : 27236, 4, 2021/05/28, 14:03:27.592, 793971917988, vstest.console.dll, DotnetDataCollectionLauncher: Adding  --depsfile "C:\Program Files\dotnet\sdk\5.0.300\datacollector.deps.json" in args
TpTrace Information: 0 : 27236, 4, 2021/05/28, 14:03:27.611, 793972112403, vstest.console.dll, ProxyDataCollectionManager.Initialize: Launched datacollector processId: 21528 port: 57008
TpTrace Information: 0 : 27236, 4, 2021/05/28, 14:03:27.612, 793972113957, vstest.console.dll, ProxyDataCollectionManager.Initialize: waiting for connection with timeout: 90 seconds
TpTrace Verbose: 0 : 27236, 4, 2021/05/28, 14:03:27.612, 793972114503, vstest.console.dll, DataCollectionRequestSender.WaitForRequestHandlerConnection : Waiting for connection with timeout: 90000
TpTrace Information: 0 : 27236, 7, 2021/05/28, 14:03:27.937, 793975369651, vstest.console.dll, Using the buffer size of 16384 bytes
TpTrace Verbose: 0 : 27236, 4, 2021/05/28, 14:03:27.937, 793975370134, vstest.console.dll, ProxyDataCollectionManager.InvokeDataCollectionServiceAction: Starting.
TpTrace Information: 0 : 27236, 7, 2021/05/28, 14:03:27.937, 793975371254, vstest.console.dll, Accepted Client request and set the flag
TpTrace Information: 0 : 27236, 4, 2021/05/28, 14:03:27.937, 793975371565, vstest.console.dll, ProxyDataCollectionManager.BeforeTestRunStart: Get environment variable and port for datacollector processId: 21528 port: 57008
TpTrace Verbose: 0 : 27236, 4, 2021/05/28, 14:03:27.938, 793975373190, vstest.console.dll, DataCollectionRequestSender.SendBeforeTestRunStartAndGetResult : Send BeforeTestRunStart message with settingsXml <RunSettings><RunConfiguration><ResultsDirectory>D:\1. WORK\ANKO\Customer\Customer.Test\bin\Debug\netcoreapp3.1\fine-code-coverage\coverage-tool-output</ResultsDirectory><TargetPlatform>X64</TargetPlatform><TargetFrameworkVersion>.NETCoreApp,Version=v3.1</TargetFrameworkVersion><DesignMode>False</DesignMode><CollectSourceInformation>False</CollectSourceInformation><TestAdaptersPaths>C:\Program Files\dotnet\sdk\5.0.300\Extensions</TestAdaptersPaths></RunConfiguration><LoggerRunSettings><Loggers><Logger friendlyName="blame" enabled="True" /><Logger friendlyName="Console" uri="logger://microsoft/TestPlatform/ConsoleLogger/v1" assemblyQualifiedName="Microsoft.VisualStudio.TestPlatform.CommandLine.Internal.ConsoleLogger, vstest.console, Version=15.0.0.0, Culture=neutral, PublicKeyToken=b03f5f7f11d50a3a" codeBase="C:\Program Files\dotnet\sdk\5.0.300\vstest.console.dll" enabled="True" /></Loggers></LoggerRunSettings><DataCollectionRunSettings><DataCollectors><DataCollector friendlyName="blame" enabled="True"><Configuration><ResultsDirectory>D:\1. WORK\ANKO\Customer\Customer.Test\bin\Debug\netcoreapp3.1\fine-code-coverage\coverage-tool-output</ResultsDirectory></Configuration></DataCollector></DataCollectors></DataCollectionRunSettings></RunSettings> and sources System.Linq.Enumerable+Concat2Iterator`1[System.String]: 
TpTrace Verbose: 0 : 27236, 4, 2021/05/28, 14:03:28.105, 793977044325, vstest.console.dll, DataCollectionRequestSender.SendBeforeTestRunStartAndGetResult : Received message: (DataCollection.SendMessage) -> {
  "FriendlyName": null,
  "Uri": null,
  "TestCaseId": "00000000-0000-0000-0000-000000000000",
  "Message": "Logging DataCollector Diagnostics in file: D:\\1. WORK\\ANKO\\Customer\\Customer.Test\\bin\\Debug\\netcoreapp3.1\\fine-code-coverage\\coverage-tool-output\\diagnostics.datacollector.21-05-28_14-03-27_58516_4.log",
  "Level": 0
}
TpTrace Information: 0 : 27236, 4, 2021/05/28, 14:03:28.112, 793977117188, vstest.console.dll, AssemblyResolver.OnResolve: Microsoft.VisualStudio.TestPlatform.Common.resources: Resolving assembly.
TpTrace Information: 0 : 27236, 4, 2021/05/28, 14:03:28.112, 793977118602, vstest.console.dll, AssemblyResolver.OnResolve: Microsoft.VisualStudio.TestPlatform.Common.resources: Searching in: 'C:\Program Files\dotnet\sdk\5.0.300\Extensions'.
TpTrace Information: 0 : 27236, 4, 2021/05/28, 14:03:28.112, 793977119629, vstest.console.dll, AssemblyResolver.OnResolve: Microsoft.VisualStudio.TestPlatform.Common.resources: Assembly path does not exist: 'C:\Program Files\dotnet\sdk\5.0.300\Extensions\Microsoft.VisualStudio.TestPlatform.Common.resources.dll', returning.
TpTrace Information: 0 : 27236, 4, 2021/05/28, 14:03:28.112, 793977121545, vstest.console.dll, AssemblyResolver.OnResolve: Microsoft.VisualStudio.TestPlatform.Common.resources: Assembly path does not exist: 'C:\Program Files\dotnet\sdk\5.0.300\Extensions\Microsoft.VisualStudio.TestPlatform.Common.resources.exe', returning.
TpTrace Information: 0 : 27236, 4, 2021/05/28, 14:03:28.112, 793977121962, vstest.console.dll, AssemblyResolver.OnResolve: Microsoft.VisualStudio.TestPlatform.Common.resources: Searching in: 'C:\Program Files\dotnet\sdk\5.0.300'.
TpTrace Information: 0 : 27236, 4, 2021/05/28, 14:03:28.113, 793977122723, vstest.console.dll, AssemblyResolver.OnResolve: Microsoft.VisualStudio.TestPlatform.Common.resources: Assembly path does not exist: 'C:\Program Files\dotnet\sdk\5.0.300\Microsoft.VisualStudio.TestPlatform.Common.resources.dll', returning.
TpTrace Information: 0 : 27236, 4, 2021/05/28, 14:03:28.113, 793977123581, vstest.console.dll, AssemblyResolver.OnResolve: Microsoft.VisualStudio.TestPlatform.Common.resources: Assembly path does not exist: 'C:\Program Files\dotnet\sdk\5.0.300\Microsoft.VisualStudio.TestPlatform.Common.resources.exe', returning.
TpTrace Information: 0 : 27236, 4, 2021/05/28, 14:03:28.113, 793977124053, vstest.console.dll, AssemblyResolver.OnResolve: Microsoft.VisualStudio.TestPlatform.Common.resources: Failed to load assembly.
TpTrace Verbose: 0 : 27236, 4, 2021/05/28, 14:03:28.242, 793978414355, vstest.console.dll, DataCollectionRequestSender.SendBeforeTestRunStartAndGetResult : Received message: (DataCollection.BeforeTestRunStartResult) -> {
  "EnvironmentVariables": {},
  "DataCollectionEventsPort": 57011
}
TpTrace Information: 0 : 27236, 4, 2021/05/28, 14:03:28.246, 793978462096, vstest.console.dll, ProxyDataCollectionManager.BeforeTestRunStart: SendBeforeTestRunStartAndGetResult successful, env variable from datacollector:   and testhost port: 57011
TpTrace Information: 0 : 27236, 4, 2021/05/28, 14:03:28.247, 793978463499, vstest.console.dll, ProxyDataCollectionManager.InvokeDataCollectionServiceAction: Completed.
TpTrace Verbose: 0 : 27236, 1, 2021/05/28, 14:03:28.247, 793978465255, vstest.console.dll, TestRunRequest.ExecuteAsync: Creating test run request.
TpTrace Verbose: 0 : 27236, 1, 2021/05/28, 14:03:28.247, 793978468521, vstest.console.dll, TestRunRequest.ExecuteAsync: Starting.
TpTrace Information: 0 : 27236, 1, 2021/05/28, 14:03:28.247, 793978471546, vstest.console.dll, TestRunRequest.ExecuteAsync: Starting run with settings:TestRunCriteria:
   KeepAlive=False,FrequencyOfRunStatsChangeEvent=10,RunStatsChangeEventTimeout=00:00:01.5000000,TestCaseFilter=,TestExecutorLauncher=
   Settingsxml=<RunSettings>
  <RunConfiguration>
    <ResultsDirectory>D:\1. WORK\ANKO\Customer\Customer.Test\bin\Debug\netcoreapp3.1\fine-code-coverage\coverage-tool-output</ResultsDirectory>
    <TargetPlatform>X64</TargetPlatform>
    <TargetFrameworkVersion>.NETCoreApp,Version=v3.1</TargetFrameworkVersion>
    <DesignMode>False</DesignMode>
    <CollectSourceInformation>False</CollectSourceInformation>
  </RunConfiguration>
  <LoggerRunSettings>
    <Loggers>
      <Logger friendlyName="blame" enabled="True" />
      <Logger friendlyName="Console" uri="logger://microsoft/TestPlatform/ConsoleLogger/v1" assemblyQualifiedName="Microsoft.VisualStudio.TestPlatform.CommandLine.Internal.ConsoleLogger, vstest.console, Version=15.0.0.0, Culture=neutral, PublicKeyToken=b03f5f7f11d50a3a" codeBase="C:\Program Files\dotnet\sdk\5.0.300\vstest.console.dll" enabled="True" />
    </Loggers>
  </LoggerRunSettings>
  <DataCollectionRunSettings>
    <DataCollectors>
      <DataCollector friendlyName="blame" enabled="True">
        <Configuration>
          <ResultsDirectory>D:\1. WORK\ANKO\Customer\Customer.Test\bin\Debug\netcoreapp3.1\fine-code-coverage\coverage-tool-output</ResultsDirectory>
        </Configuration>
      </DataCollector>
    </DataCollectors>
  </DataCollectionRunSettings>
</RunSettings>

TpTrace Verbose: 0 : 27236, 1, 2021/05/28, 14:03:28.247, 793978472236, vstest.console.dll, TestRunRequest.ExecuteAsync: Wait for the first run request is over.
TpTrace Verbose: 0 : 27236, 1, 2021/05/28, 14:03:28.248, 793978478353, vstest.console.dll, ParallelProxyExecutionManager: Start execution. Total sources: 1
TpTrace Information: 0 : 27236, 1, 2021/05/28, 14:03:28.249, 793978487553, vstest.console.dll, ProxyParallelExecutionManager: Triggering test run for next source: D:\1. WORK\ANKO\Customer\Customer.Test\bin\Debug\netcoreapp3.1\fine-code-coverage\build-output\Customer.Test.dll
TpTrace Verbose: 0 : 27236, 1, 2021/05/28, 14:03:28.249, 793978490690, vstest.console.dll, ProxyParallelExecutionManager: No sources available for execution.
TpTrace Information: 0 : 27236, 1, 2021/05/28, 14:03:28.249, 793978492581, vstest.console.dll, TestRunRequest.ExecuteAsync: Started.
TpTrace Verbose: 0 : 27236, 1, 2021/05/28, 14:03:28.250, 793978494020, vstest.console.dll, TestRunRequest.WaitForCompletion: Waiting with timeout -1.
TpTrace Verbose: 0 : 27236, 10, 2021/05/28, 14:03:28.251, 793978505258, vstest.console.dll, ParallelProxyExecutionManager: Execution started. Started clients: 1
TpTrace Verbose: 0 : 27236, 10, 2021/05/28, 14:03:28.251, 793978510559, vstest.console.dll, TestRunRequest:SendTestRunMessage: Starting.
TpTrace Information: 0 : 27236, 10, 2021/05/28, 14:03:28.251, 793978512279, vstest.console.dll, TestRunRequest:SendTestRunMessage: Completed.
TpTrace Verbose: 0 : 27236, 10, 2021/05/28, 14:03:28.252, 793978514847, vstest.console.dll, ProxyExecutionManager: Test host is always Lazy initialize.
TpTrace Verbose: 0 : 27236, 10, 2021/05/28, 14:03:28.252, 793978517687, vstest.console.dll, TestRequestSender.InitializeCommunication: initialize communication. 
TpTrace Information: 0 : 27236, 10, 2021/05/28, 14:03:28.253, 793978523415, vstest.console.dll, SocketServer.Start: Listening on endpoint : 127.0.0.1:57012
TpTrace Verbose: 0 : 27236, 10, 2021/05/28, 14:03:28.253, 793978531030, vstest.console.dll, DotnetTestHostmanager: Adding  --runtimeconfig "D:\1. WORK\ANKO\Customer\Customer.Test\bin\Debug\netcoreapp3.1\fine-code-coverage\build-output\Customer.Test.runtimeconfig.json" in args
TpTrace Verbose: 0 : 27236, 10, 2021/05/28, 14:03:28.253, 793978531867, vstest.console.dll, DotnetTestHostmanager: Adding  --depsfile "D:\1. WORK\ANKO\Customer\Customer.Test\bin\Debug\netcoreapp3.1\fine-code-coverage\build-output\Customer.Test.deps.json" in args
TpTrace Verbose: 0 : 27236, 10, 2021/05/28, 14:03:28.254, 793978534416, vstest.console.dll, DotnetTestHostManager: Testhost.exe/testhost.x86.exe found at path: D:\1. WORK\ANKO\Customer\Customer.Test\bin\Debug\netcoreapp3.1\fine-code-coverage\build-output\testhost.exe
TpTrace Verbose: 0 : 27236, 10, 2021/05/28, 14:03:28.254, 793978535377, vstest.console.dll, DotnetTestHostmanager: Full path of host exe is D:\1. WORK\ANKO\Customer\Customer.Test\bin\Debug\netcoreapp3.1\fine-code-coverage\build-output\testhost.exe
TpTrace Verbose: 0 : 27236, 4, 2021/05/28, 14:03:28.256, 793978557963, vstest.console.dll, DotnetTestHostManager: Starting process 'D:\1. WORK\ANKO\Customer\Customer.Test\bin\Debug\netcoreapp3.1\fine-code-coverage\build-output\testhost.exe' with command line ' --runtimeconfig "D:\1. WORK\ANKO\Customer\Customer.Test\bin\Debug\netcoreapp3.1\fine-code-coverage\build-output\Customer.Test.runtimeconfig.json" --depsfile "D:\1. WORK\ANKO\Customer\Customer.Test\bin\Debug\netcoreapp3.1\fine-code-coverage\build-output\Customer.Test.deps.json" --port 57012 --endpoint 127.0.0.1:057012 --role client --parentprocessid 27236 --diag "D:\1. WORK\ANKO\Customer\Customer.Test\bin\Debug\netcoreapp3.1\fine-code-coverage\coverage-tool-output\diagnostics.host.21-05-28_14-03-28_25343_10.log" --tracelevel 4 --datacollectionport 57011 --telemetryoptedin false'
TpTrace Verbose: 0 : 27236, 4, 2021/05/28, 14:03:28.269, 793978688846, vstest.console.dll, Test Runtime launched
TpTrace Verbose: 0 : 27236, 10, 2021/05/28, 14:03:28.271, 793978704581, vstest.console.dll, TestRequestSender.WaitForRequestHandlerConnection: waiting for connection with timeout: 90000
TpTrace Verbose: 0 : 27236, 6, 2021/05/28, 14:03:28.673, 793982723381, vstest.console.dll, SocketServer.OnClientConnected: Client connected for endPoint: 127.0.0.1:57012, starting MessageLoopAsync:
TpTrace Verbose: 0 : 27236, 6, 2021/05/28, 14:03:28.674, 793982733068, vstest.console.dll, TcpClientExtensions.MessageLoopAsync: Polling on remoteEndPoint: 127.0.0.1:57013 localEndPoint: 127.0.0.1:57012
TpTrace Verbose: 0 : 27236, 6, 2021/05/28, 14:03:28.903, 793985030982, vstest.console.dll, TcpClientExtensions.MessageLoopAsync: NotifyDataAvailable remoteEndPoint: 127.0.0.1:57013 localEndPoint: 127.0.0.1:57012
TpTrace Verbose: 0 : 27236, 6, 2021/05/28, 14:03:28.904, 793985034099, vstest.console.dll, TestRequestSender.CheckVersionWithTestHost: onMessageReceived received message: (ProtocolVersion) -> 3
TpTrace Verbose: 0 : 27236, 6, 2021/05/28, 14:03:28.904, 793985039006, vstest.console.dll, TcpClientExtensions.MessageLoopAsync: Polling on remoteEndPoint: 127.0.0.1:57013 localEndPoint: 127.0.0.1:57012
TpTrace Verbose: 0 : 27236, 10, 2021/05/28, 14:03:28.904, 793985040169, vstest.console.dll, TestPluginCache.GetExtensionPaths: Filtered extension paths: 
TpTrace Verbose: 0 : 27236, 10, 2021/05/28, 14:03:28.904, 793985041049, vstest.console.dll, TestPluginCache.GetExtensionPaths: Added default extension paths: C:\Program Files\dotnet\sdk\5.0.300\Extensions\Microsoft.Diagnostics.NETCore.Client.dll
C:\Program Files\dotnet\sdk\5.0.300\Extensions\Microsoft.TestPlatform.Extensions.BlameDataCollector.dll
C:\Program Files\dotnet\sdk\5.0.300\Extensions\Microsoft.TestPlatform.Extensions.EventLogCollector.dll
C:\Program Files\dotnet\sdk\5.0.300\Extensions\Microsoft.TestPlatform.TestHostRuntimeProvider.dll
C:\Program Files\dotnet\sdk\5.0.300\Extensions\Microsoft.VisualStudio.TestPlatform.Extensions.Html.TestLogger.dll
C:\Program Files\dotnet\sdk\5.0.300\Extensions\Microsoft.VisualStudio.TestPlatform.Extensions.Trx.TestLogger.dll
TpTrace Verbose: 0 : 27236, 10, 2021/05/28, 14:03:28.904, 793985041469, vstest.console.dll, TestPluginCache.GetExtensionPaths: Added unfilterableExtensionPaths: 
TpTrace Verbose: 0 : 27236, 10, 2021/05/28, 14:03:28.908, 793985077624, vstest.console.dll, TestRequestSender.InitializeExecution: Sending initializing execution with message: {"Version":3,"MessageType":"TestExecution.Initialize","Payload":["D:\\1. WORK\\ANKO\\Customer\\Customer.Test\\bin\\Debug\\netcoreapp3.1\\fine-code-coverage\\build-output\\xunit.runner.visualstudio.dotnetcore.testadapter.dll"]}
TpTrace Verbose: 0 : 27236, 10, 2021/05/28, 14:03:28.917, 793985163816, vstest.console.dll, TestRequestSender.StartTestRun: Sending test run with message: {"Version":3,"MessageType":"TestExecution.StartWithSources","Payload":{"AdapterSourceMap":{"_none_":["D:\\1. WORK\\ANKO\\Customer\\Customer.Test\\bin\\Debug\\netcoreapp3.1\\fine-code-coverage\\build-output\\Customer.Test.dll"]},"RunSettings":"<RunSettings>\r\n  <RunConfiguration>\r\n    <ResultsDirectory>D:\\1. WORK\\ANKO\\Customer\\Customer.Test\\bin\\Debug\\netcoreapp3.1\\fine-code-coverage\\coverage-tool-output</ResultsDirectory>\r\n    <TargetPlatform>X64</TargetPlatform>\r\n    <TargetFrameworkVersion>.NETCoreApp,Version=v3.1</TargetFrameworkVersion>\r\n    <DesignMode>False</DesignMode>\r\n    <CollectSourceInformation>False</CollectSourceInformation>\r\n  </RunConfiguration>\r\n  <LoggerRunSettings>\r\n    <Loggers>\r\n      <Logger friendlyName=\"blame\" enabled=\"True\" />\r\n      <Logger friendlyName=\"Console\" uri=\"logger://microsoft/TestPlatform/ConsoleLogger/v1\" assemblyQualifiedName=\"Microsoft.VisualStudio.TestPlatform.CommandLine.Internal.ConsoleLogger, vstest.console, Version=15.0.0.0, Culture=neutral, PublicKeyToken=b03f5f7f11d50a3a\" codeBase=\"C:\\Program Files\\dotnet\\sdk\\5.0.300\\vstest.console.dll\" enabled=\"True\" />\r\n    </Loggers>\r\n  </LoggerRunSettings>\r\n  <DataCollectionRunSettings>\r\n    <DataCollectors>\r\n      <DataCollector friendlyName=\"blame\" enabled=\"True\">\r\n        <Configuration>\r\n          <ResultsDirectory>D:\\1. WORK\\ANKO\\Customer\\Customer.Test\\bin\\Debug\\netcoreapp3.1\\fine-code-coverage\\coverage-tool-output</ResultsDirectory>\r\n        </Configuration>\r\n      </DataCollector>\r\n    </DataCollectors>\r\n  </DataCollectionRunSettings>\r\n</RunSettings>","TestExecutionContext":{"FrequencyOfRunStatsChangeEvent":10,"RunStatsChangeEventTimeout":"00:00:01.5000000","InIsolation":false,"KeepAlive":false,"AreTestCaseLevelEventsRequired":false,"IsDebug":false,"TestCaseFilter":null,"FilterOptions":null},"Package":null}}
TpTrace Verbose: 0 : 27236, 6, 2021/05/28, 14:03:28.942, 793985416364, vstest.console.dll, TcpClientExtensions.MessageLoopAsync: NotifyDataAvailable remoteEndPoint: 127.0.0.1:57013 localEndPoint: 127.0.0.1:57012
TpTrace Verbose: 0 : 27236, 6, 2021/05/28, 14:03:28.942, 793985418944, vstest.console.dll, TestRequestSender.OnExecutionMessageReceived: Received message: {"Version":3,"MessageType":"TestSession.Message","Payload":{"MessageLevel":0,"Message":"Ведение журналов диагностики TestHost в файле: D:\\1. WORK\\ANKO\\Customer\\Customer.Test\\bin\\Debug\\netcoreapp3.1\\fine-code-coverage\\coverage-tool-output\\diagnostics.host.21-05-28_14-03-28_25343_10.log"}}
TpTrace Verbose: 0 : 27236, 6, 2021/05/28, 14:03:28.944, 793985439679, vstest.console.dll, TestRunRequest:SendTestRunMessage: Starting.
TpTrace Information: 0 : 27236, 6, 2021/05/28, 14:03:28.944, 793985440999, vstest.console.dll, TestRunRequest:SendTestRunMessage: Completed.
TpTrace Verbose: 0 : 27236, 6, 2021/05/28, 14:03:28.944, 793985441545, vstest.console.dll, TcpClientExtensions.MessageLoopAsync: Polling on remoteEndPoint: 127.0.0.1:57013 localEndPoint: 127.0.0.1:57012
TpTrace Verbose: 0 : 27236, 6, 2021/05/28, 14:03:29.223, 793988222760, vstest.console.dll, TcpClientExtensions.MessageLoopAsync: NotifyDataAvailable remoteEndPoint: 127.0.0.1:57013 localEndPoint: 127.0.0.1:57012
TpTrace Verbose: 0 : 27236, 6, 2021/05/28, 14:03:29.223, 793988224036, vstest.console.dll, TestRequestSender.OnExecutionMessageReceived: Received message: {"Version":3,"MessageType":"TestSession.Message","Payload":{"MessageLevel":0,"Message":"[xUnit.net 00:00:00.00] xUnit.net VSTest Adapter v2.4.3+1b45f5407b (64-bit .NET Core 3.1.15)"}}
TpTrace Verbose: 0 : 27236, 6, 2021/05/28, 14:03:29.223, 793988226558, vstest.console.dll, TestRunRequest:SendTestRunMessage: Starting.
TpTrace Information: 0 : 27236, 6, 2021/05/28, 14:03:29.223, 793988227181, vstest.console.dll, TestRunRequest:SendTestRunMessage: Completed.
TpTrace Verbose: 0 : 27236, 6, 2021/05/28, 14:03:29.223, 793988227552, vstest.console.dll, TcpClientExtensions.MessageLoopAsync: Polling on remoteEndPoint: 127.0.0.1:57013 localEndPoint: 127.0.0.1:57012
TpTrace Verbose: 0 : 27236, 6, 2021/05/28, 14:03:29.771, 793993707864, vstest.console.dll, TcpClientExtensions.MessageLoopAsync: NotifyDataAvailable remoteEndPoint: 127.0.0.1:57013 localEndPoint: 127.0.0.1:57012
TpTrace Verbose: 0 : 27236, 6, 2021/05/28, 14:03:29.771, 793993709242, vstest.console.dll, TestRequestSender.OnExecutionMessageReceived: Received message: {"Version":3,"MessageType":"TestSession.Message","Payload":{"MessageLevel":0,"Message":"[xUnit.net 00:00:00.55]   Discovering: Customer.Test"}}
TpTrace Verbose: 0 : 27236, 6, 2021/05/28, 14:03:29.771, 793993712015, vstest.console.dll, TestRunRequest:SendTestRunMessage: Starting.
TpTrace Information: 0 : 27236, 6, 2021/05/28, 14:03:29.772, 793993712759, vstest.console.dll, TestRunRequest:SendTestRunMessage: Completed.
TpTrace Verbose: 0 : 27236, 6, 2021/05/28, 14:03:29.772, 793993713118, vstest.console.dll, TcpClientExtensions.MessageLoopAsync: Polling on remoteEndPoint: 127.0.0.1:57013 localEndPoint: 127.0.0.1:57012
TpTrace Verbose: 0 : 27236, 6, 2021/05/28, 14:03:29.822, 793994217305, vstest.console.dll, TcpClientExtensions.MessageLoopAsync: NotifyDataAvailable remoteEndPoint: 127.0.0.1:57013 localEndPoint: 127.0.0.1:57012
TpTrace Verbose: 0 : 27236, 6, 2021/05/28, 14:03:29.822, 793994218647, vstest.console.dll, TestRequestSender.OnExecutionMessageReceived: Received message: {"Version":3,"MessageType":"TestSession.Message","Payload":{"MessageLevel":0,"Message":"[xUnit.net 00:00:00.60]   Discovered:  Customer.Test"}}
TpTrace Verbose: 0 : 27236, 6, 2021/05/28, 14:03:29.822, 793994220248, vstest.console.dll, TestRunRequest:SendTestRunMessage: Starting.
TpTrace Information: 0 : 27236, 6, 2021/05/28, 14:03:29.822, 793994220916, vstest.console.dll, TestRunRequest:SendTestRunMessage: Completed.
TpTrace Verbose: 0 : 27236, 6, 2021/05/28, 14:03:29.822, 793994221276, vstest.console.dll, TcpClientExtensions.MessageLoopAsync: Polling on remoteEndPoint: 127.0.0.1:57013 localEndPoint: 127.0.0.1:57012
TpTrace Verbose: 0 : 27236, 6, 2021/05/28, 14:03:29.827, 793994262789, vstest.console.dll, TcpClientExtensions.MessageLoopAsync: NotifyDataAvailable remoteEndPoint: 127.0.0.1:57013 localEndPoint: 127.0.0.1:57012
TpTrace Verbose: 0 : 27236, 6, 2021/05/28, 14:03:29.827, 793994264198, vstest.console.dll, TestRequestSender.OnExecutionMessageReceived: Received message: {"Version":3,"MessageType":"TestSession.Message","Payload":{"MessageLevel":0,"Message":"[xUnit.net 00:00:00.61]   Starting:    Customer.Test"}}
TpTrace Verbose: 0 : 27236, 6, 2021/05/28, 14:03:29.827, 793994265743, vstest.console.dll, TestRunRequest:SendTestRunMessage: Starting.
TpTrace Information: 0 : 27236, 6, 2021/05/28, 14:03:29.827, 793994266396, vstest.console.dll, TestRunRequest:SendTestRunMessage: Completed.
TpTrace Verbose: 0 : 27236, 6, 2021/05/28, 14:03:29.827, 793994266740, vstest.console.dll, TcpClientExtensions.MessageLoopAsync: Polling on remoteEndPoint: 127.0.0.1:57013 localEndPoint: 127.0.0.1:57012
TpTrace Verbose: 0 : 27236, 6, 2021/05/28, 14:03:29.964, 793995639228, vstest.console.dll, TcpClientExtensions.MessageLoopAsync: NotifyDataAvailable remoteEndPoint: 127.0.0.1:57013 localEndPoint: 127.0.0.1:57012
TpTrace Verbose: 0 : 27236, 6, 2021/05/28, 14:03:29.964, 793995640483, vstest.console.dll, TestRequestSender.OnExecutionMessageReceived: Received message: {"Version":3,"MessageType":"TestSession.Message","Payload":{"MessageLevel":0,"Message":"[xUnit.net 00:00:00.74]   Finished:    Customer.Test"}}
TpTrace Verbose: 0 : 27236, 6, 2021/05/28, 14:03:29.964, 793995642133, vstest.console.dll, TestRunRequest:SendTestRunMessage: Starting.
TpTrace Information: 0 : 27236, 6, 2021/05/28, 14:03:29.965, 793995642700, vstest.console.dll, TestRunRequest:SendTestRunMessage: Completed.
TpTrace Verbose: 0 : 27236, 6, 2021/05/28, 14:03:29.965, 793995643055, vstest.console.dll, TcpClientExtensions.MessageLoopAsync: Polling on remoteEndPoint: 127.0.0.1:57013 localEndPoint: 127.0.0.1:57012
TpTrace Verbose: 0 : 27236, 6, 2021/05/28, 14:03:30.017, 793996165413, vstest.console.dll, TcpClientExtensions.MessageLoopAsync: NotifyDataAvailable remoteEndPoint: 127.0.0.1:57013 localEndPoint: 127.0.0.1:57012
TpTrace Verbose: 0 : 27236, 6, 2021/05/28, 14:03:30.018, 793996176333, vstest.console.dll, TestRequestSender.OnExecutionMessageReceived: Received message: {"Version":3,"MessageType":"TestExecution.Completed","Payload":{"TestRunCompleteArgs":{"TestRunStatistics":{"ExecutedTests":2,"Stats":{"Passed":2}},"IsCanceled":false,"IsAborted":false,"Error":null,"AttachmentSets":[],"ElapsedTimeInRunningTests":"00:00:00.7704000","Metrics":{}},"LastRunTests":{"NewTestResults":[{"TestCase":{"Properties":[{"Key":{"Id":"TestCase.FullyQualifiedName","Label":"FullyQualifiedName","Category":"","Description":"","Attributes":1,"ValueType":"System.String"},"Value":"Customer.Test.UnitTest1.FirstNameValid"},{"Key":{"Id":"TestCase.ExecutorUri","Label":"Executor Uri","Category":"","Description":"","Attributes":1,"ValueType":"System.Uri"},"Value":"executor://xunit/VsTestRunner2/netcoreapp"},{"Key":{"Id":"TestCase.Source","Label":"Source","Category":"","Description":"","Attributes":0,"ValueType":"System.String"},"Value":"D:\\1. WORK\\ANKO\\Customer\\Customer.Test\\bin\\Debug\\netcoreapp3.1\\fine-code-coverage\\build-output\\Customer.Test.dll"},{"Key":{"Id":"TestCase.CodeFilePath","Label":"File Path","Category":"","Description":"","Attributes":0,"ValueType":"System.String"},"Value":null},{"Key":{"Id":"TestCase.DisplayName","Label":"Name","Category":"","Description":"","Attributes":0,"ValueType":"System.String"},"Value":"Customer.Test.UnitTest1.FirstNameValid"},{"Key":{"Id":"TestCase.Id","Label":"Id","Category":"","Description":"","Attributes":1,"ValueType":"System.Guid"},"Value":"06fd716b-cf99-f944-2e5a-294b0a1570ee"},{"Key":{"Id":"TestCase.LineNumber","Label":"Line Number","Category":"","Description":"","Attributes":1,"ValueType":"System.Int32"},"Value":0}]},"Attachments":[],"Messages":[],"Properties":[{"Key":{"Id":"TestResult.Outcome","Label":"Outcome","Category":"","Description":"","Attributes":0,"ValueType":"Microsoft.VisualStudio.TestPlatform.ObjectModel.TestOutcome, Microsoft.VisualStudio.TestPlatform.ObjectModel, Version=15.0.0.0, Culture=neutral, PublicKeyToken=b03f5f7f11d50a3a"},"Value":1},{"Key":{"Id":"TestResult.ErrorMessage","Label":"Error Message","Category":"","Description":"","Attributes":0,"ValueType":"System.String"},"Value":null},{"Key":{"Id":"TestResult.ErrorStackTrace","Label":"Error Stack Trace","Category":"","Description":"","Attributes":0,"ValueType":"System.String"},"Value":null},{"Key":{"Id":"TestResult.DisplayName","Label":"TestResult Display Name","Category":"","Description":"","Attributes":1,"ValueType":"System.String"},"Value":"Customer.Test.UnitTest1.FirstNameValid"},{"Key":{"Id":"TestResult.ComputerName","Label":"Computer Name","Category":"","Description":"","Attributes":0,"ValueType":"System.String"},"Value":"ALFA"},{"Key":{"Id":"TestResult.Duration","Label":"Duration","Category":"","Description":"","Attributes":0,"ValueType":"System.TimeSpan"},"Value":"00:00:00.0211014"},{"Key":{"Id":"TestResult.StartTime","Label":"Start Time","Category":"","Description":"","Attributes":0,"ValueType":"System.DateTimeOffset"},"Value":"2021-05-28T11:03:29.9387687+00:00"},{"Key":{"Id":"TestResult.EndTime","Label":"End Time","Category":"","Description":"","Attributes":0,"ValueType":"System.DateTimeOffset"},"Value":"2021-05-28T11:03:29.9388515+00:00"}]},{"TestCase":{"Properties":[{"Key":{"Id":"TestCase.FullyQualifiedName","Label":"FullyQualifiedName","Category":"","Description":"","Attributes":1,"ValueType":"System.String"},"Value":"Customer.Test.UnitTest1.LastNameValid"},{"Key":{"Id":"TestCase.ExecutorUri","Label":"Executor Uri","Category":"","Description":"","Attributes":1,"ValueType":"System.Uri"},"Value":"executor://xunit/VsTestRunner2/netcoreapp"},{"Key":{"Id":"TestCase.Source","Label":"Source","Category":"","Description":"","Attributes":0,"ValueType":"System.String"},"Value":"D:\\1. WORK\\ANKO\\Customer\\Customer.Test\\bin\\Debug\\netcoreapp3.1\\fine-code-coverage\\build-output\\Customer.Test.dll"},{"Key":{"Id":"TestCase.CodeFilePath","Label":"File Path","Category":"","Description":"","Attributes":0,"ValueType":"System.String"},"Value":null},{"Key":{"Id":"TestCase.DisplayName","Label":"Name","Category":"","Description":"","Attributes":0,"ValueType":"System.String"},"Value":"Customer.Test.UnitTest1.LastNameValid"},{"Key":{"Id":"TestCase.Id","Label":"Id","Category":"","Description":"","Attributes":1,"ValueType":"System.Guid"},"Value":"cb7e78d2-44ae-2817-2656-8f44d87f56f7"},{"Key":{"Id":"TestCase.LineNumber","Label":"Line Number","Category":"","Description":"","Attributes":1,"ValueType":"System.Int32"},"Value":0}]},"Attachments":[],"Messages":[],"Properties":[{"Key":{"Id":"TestResult.Outcome","Label":"Outcome","Category":"","Description":"","Attributes":0,"ValueType":"Microsoft.VisualStudio.TestPlatform.ObjectModel.TestOutcome, Microsoft.VisualStudio.TestPlatform.ObjectModel, Version=15.0.0.0, Culture=neutral, PublicKeyToken=b03f5f7f11d50a3a"},"Value":1},{"Key":{"Id":"TestResult.ErrorMessage","Label":"Error Message","Category":"","Description":"","Attributes":0,"ValueType":"System.String"},"Value":null},{"Key":{"Id":"TestResult.ErrorStackTrace","Label":"Error Stack Trace","Category":"","Description":"","Attributes":0,"ValueType":"System.String"},"Value":null},{"Key":{"Id":"TestResult.DisplayName","Label":"TestResult Display Name","Category":"","Description":"","Attributes":1,"ValueType":"System.String"},"Value":"Customer.Test.UnitTest1.LastNameValid"},{"Key":{"Id":"TestResult.ComputerName","Label":"Computer Name","Category":"","Description":"","Attributes":0,"ValueType":"System.String"},"Value":"ALFA"},{"Key":{"Id":"TestResult.Duration","Label":"Duration","Category":"","Description":"","Attributes":0,"ValueType":"System.TimeSpan"},"Value":"00:00:00.0028574"},{"Key":{"Id":"TestResult.StartTime","Label":"Start Time","Category":"","Description":"","Attributes":0,"ValueType":"System.DateTimeOffset"},"Value":"2021-05-28T11:03:29.9621738+00:00"},{"Key":{"Id":"TestResult.EndTime","Label":"End Time","Category":"","Description":"","Attributes":0,"ValueType":"System.DateTimeOffset"},"Value":"2021-05-28T11:03:29.9621766+00:00"}]}],"TestRunStatistics":{"ExecutedTests":2,"Stats":{"Passed":2}},"ActiveTests":[]},"RunAttachments":[],"ExecutorUris":["executor://xunit/VsTestRunner2/netcoreapp"]}}
TpTrace Verbose: 0 : 27236, 6, 2021/05/28, 14:03:30.020, 793996199959, vstest.console.dll, TestRequestSender.EndSession: Sending end session.
TpTrace Verbose: 0 : 27236, 6, 2021/05/28, 14:03:30.020, 793996202324, vstest.console.dll, ProxyOperationManager.Close: waiting for test host to exit for 100 ms
TpTrace Warning: 0 : 27236, 4, 2021/05/28, 14:03:30.081, 793996805720, vstest.console.dll, TestHostManagerCallbacks.ErrorReceivedCallback Test host standard error line: 
TpTrace Verbose: 0 : 27236, 11, 2021/05/28, 14:03:30.093, 793996932327, vstest.console.dll, TestHostProvider.ExitCallBack: Host exited starting callback.
TpTrace Information: 0 : 27236, 11, 2021/05/28, 14:03:30.094, 793996937578, vstest.console.dll, TestHostManagerCallbacks.ExitCallBack: Testhost processId: 22784 exited with exitcode: 0 error: ''
TpTrace Verbose: 0 : 27236, 11, 2021/05/28, 14:03:30.094, 793996938212, vstest.console.dll, DotnetTestHostManager.OnHostExited: invoking OnHostExited callback
TpTrace Verbose: 0 : 27236, 11, 2021/05/28, 14:03:30.094, 793996938722, vstest.console.dll, CrossPlatEngine.TestHostManagerHostExited: calling on client process exit callback.
TpTrace Information: 0 : 27236, 11, 2021/05/28, 14:03:30.094, 793996939224, vstest.console.dll, TestRequestSender.OnClientProcessExit: Test host process exited. Standard error: 
TpTrace Warning: 0 : 27236, 6, 2021/05/28, 14:03:30.094, 793996939302, vstest.console.dll, ProxyOperationManager: Timed out waiting for test host to exit. Will terminate process.
TpTrace Information: 0 : 27236, 11, 2021/05/28, 14:03:30.094, 793996939673, vstest.console.dll, SocketServer.Stop: Stop server endPoint: 127.0.0.1:57012
TpTrace Information: 0 : 27236, 11, 2021/05/28, 14:03:30.094, 793996940524, vstest.console.dll, SocketServer.Stop: Cancellation requested. Stopping message loop.
TpTrace Verbose: 0 : 27236, 6, 2021/05/28, 14:03:30.095, 793996946555, vstest.console.dll, ProxyDataCollectionManager.InvokeDataCollectionServiceAction: Starting.
TpTrace Information: 0 : 27236, 6, 2021/05/28, 14:03:30.095, 793996947159, vstest.console.dll, ProxyDataCollectionManager.AfterTestRunEnd: Get attachment set for datacollector processId: 21528 port: 57008
TpTrace Verbose: 0 : 27236, 6, 2021/05/28, 14:03:30.095, 793996947658, vstest.console.dll, DataCollectionRequestSender.SendAfterTestRunStartAndGetResult : Send AfterTestRunEnd message with isCancelled: False
TpTrace Verbose: 0 : 27236, 6, 2021/05/28, 14:03:30.100, 793996999690, vstest.console.dll, DataCollectionRequestSender.SendAfterTestRunStartAndGetResult : Received message: (DataCollection.AfterTestRunEndResult) -> {
  "AttachmentSets": [],
  "Metrics": {}
}
TpTrace Information: 0 : 27236, 6, 2021/05/28, 14:03:30.103, 793997031705, vstest.console.dll, ProxyDataCollectionManager.InvokeDataCollectionServiceAction: Completed.
TpTrace Warning: 0 : 27236, 9, 2021/05/28, 14:03:30.123, 793997230890, vstest.console.dll, DataCollectionLauncher.ErrorReceivedCallback datacollector standard error line: 
TpTrace Information: 0 : 27236, 11, 2021/05/28, 14:03:30.143, 793997428897, vstest.console.dll, DataCollectionLauncher.ExitCallBack: Data collector exited with exitcode: 0 error: ''
TpTrace Verbose: 0 : 27236, 6, 2021/05/28, 14:03:30.160, 793997593193, vstest.console.dll, TestRunRequest:SendTestRunStatsChange: Starting.
TpTrace Information: 0 : 27236, 6, 2021/05/28, 14:03:30.160, 793997595353, vstest.console.dll, TestRunRequest:SendTestRunStatsChange: Completed.
TpTrace Verbose: 0 : 27236, 6, 2021/05/28, 14:03:30.160, 793997596965, vstest.console.dll, ParallelProxyExecutionManager: HandlePartialRunComplete: Total completed clients = 1, Run complete = True, Run canceled: False.
TpTrace Verbose: 0 : 27236, 6, 2021/05/28, 14:03:30.180, 793997802101, vstest.console.dll, TestRunRequest:TestRunComplete: Starting. IsAborted:False IsCanceled:False.
TpTrace Verbose: 0 : 27236, 6, 2021/05/28, 14:03:30.181, 793997804074, vstest.console.dll, TestLoggerManager.HandleTestRunComplete: Ignoring as the object is disposed.
TpTrace Verbose: 0 : 27236, 1, 2021/05/28, 14:03:30.181, 793997806958, vstest.console.dll, TestRunRequest.Dispose: Starting.
TpTrace Information: 0 : 27236, 6, 2021/05/28, 14:03:30.181, 793997807695, vstest.console.dll, TestRunRequest:TestRunComplete: Completed.
TpTrace Verbose: 0 : 27236, 6, 2021/05/28, 14:03:30.181, 793997808332, vstest.console.dll, TestRequestSender.SetOperationComplete: Setting operation complete.
TpTrace Information: 0 : 27236, 1, 2021/05/28, 14:03:30.181, 793997808402, vstest.console.dll, TestRunRequest.Dispose: Completed.
TpTrace Information: 0 : 27236, 6, 2021/05/28, 14:03:30.181, 793997808748, vstest.console.dll, SocketServer.Stop: Stop server endPoint: 127.0.0.1:57012
TpTrace Information: 0 : 27236, 1, 2021/05/28, 14:03:30.181, 793997809129, vstest.console.dll, TestRequestManager.RunTests: run tests completed.
TpTrace Information: 0 : 27236, 6, 2021/05/28, 14:03:30.181, 793997809323, vstest.console.dll, SocketServer.Stop: Cancellation requested. Stopping message loop.
TpTrace Information: 0 : 27236, 6, 2021/05/28, 14:03:30.181, 793997810136, vstest.console.dll, SocketServer.PrivateStop: Stop server endPoint: 127.0.0.1:57012 error: 
TpTrace Information: 0 : 27236, 1, 2021/05/28, 14:03:30.182, 793997814036, vstest.console.dll, RunTestsArgumentProcessor:Execute: Test run is completed.
TpTrace Verbose: 0 : 27236, 1, 2021/05/28, 14:03:30.182, 793997816778, vstest.console.dll, Executor.Execute: Exiting with exit code of 0
